Flow report for RESDMAC
<<<<<<< Updated upstream
Wed Dec 28 22:14:03 2022
=======
Thu Dec 29 22:41:10 2022
>>>>>>> Stashed changes
Quartus II 64-Bit Version 13.0.1 Build 232 06/12/2013 Service Pack 1 SJ Web Edition


---------------------
; Table of Contents ;
---------------------
  1. Legal Notice
  2. Flow Summary
  3. Flow Settings
  4. Flow Non-Default Global Settings
  5. Flow Elapsed Time
  6. Flow OS Summary
  7. Flow Log
  8. Flow Messages
  9. Flow Suppressed Messages



----------------
; Legal Notice ;
----------------
Copyright (C) 1991-2013 Altera Corporation
Your use of Altera Corporation's design tools, logic functions 
and other software and tools, and its AMPP partner logic 
functions, and any output files from any of the foregoing 
(including device programming or simulation files), and any 
associated documentation or information are expressly subject 
to the terms and conditions of the Altera Program License 
Subscription Agreement, Altera MegaCore Function License 
Agreement, or other applicable license agreement, including, 
without limitation, that your use is for the sole purpose of 
programming logic devices manufactured by Altera and sold by 
Altera or its authorized distributors.  Please refer to the 
applicable agreement for further details.



+--------------------------------------------------------------------------------------+
; Flow Summary                                                                         ;
+------------------------------------+-------------------------------------------------+
<<<<<<< Updated upstream
; Flow Status                        ; Successful - Wed Dec 28 22:14:03 2022           ;
=======
; Flow Status                        ; Successful - Thu Dec 29 22:41:08 2022           ;
>>>>>>> Stashed changes
; Quartus II 64-Bit Version          ; 13.0.1 Build 232 06/12/2013 SP 1 SJ Web Edition ;
; Revision Name                      ; RESDMAC                                         ;
; Top-level Entity Name              ; RESDMAC                                         ;
; Family                             ; Cyclone II                                      ;
; Device                             ; EP2C5T144C8                                     ;
; Timing Models                      ; Final                                           ;
<<<<<<< Updated upstream
; Total logic elements               ; 767 / 4,608 ( 17 % )                            ;
;     Total combinational functions  ; 644 / 4,608 ( 14 % )                            ;
;     Dedicated logic registers      ; 396 / 4,608 ( 9 % )                             ;
; Total registers                    ; 396                                             ;
; Total pins                         ; 83 / 89 ( 93 % )                                ;
=======
; Total logic elements               ; 775 / 4,608 ( 17 % )                            ;
;     Total combinational functions  ; 662 / 4,608 ( 14 % )                            ;
;     Dedicated logic registers      ; 396 / 4,608 ( 9 % )                             ;
; Total registers                    ; 396                                             ;
; Total pins                         ; 72 / 89 ( 81 % )                                ;
>>>>>>> Stashed changes
; Total virtual pins                 ; 0                                               ;
; Total memory bits                  ; 0 / 119,808 ( 0 % )                             ;
; Embedded Multiplier 9-bit elements ; 0 / 26 ( 0 % )                                  ;
; Total PLLs                         ; 0 / 2 ( 0 % )                                   ;
+------------------------------------+-------------------------------------------------+


+-----------------------------------------+
; Flow Settings                           ;
+-------------------+---------------------+
; Option            ; Setting             ;
+-------------------+---------------------+
<<<<<<< Updated upstream
; Start date & time ; 12/28/2022 22:11:51 ;
=======
; Start date & time ; 12/29/2022 22:40:54 ;
>>>>>>> Stashed changes
; Main task         ; Compilation         ;
; Revision Name     ; RESDMAC             ;
+-------------------+---------------------+


<<<<<<< Updated upstream
+----------------------------------------------------------------------------------------------------------------------------+
; Flow Non-Default Global Settings                                                                                           ;
+-------------------------------------+---------------------------------------+---------------+-------------+----------------+
; Assignment Name                     ; Value                                 ; Default Value ; Entity Name ; Section Id     ;
+-------------------------------------+---------------------------------------+---------------+-------------+----------------+
; ADV_NETLIST_OPT_SYNTH_WYSIWYG_REMAP ; On                                    ; Off           ; --          ; --             ;
; AUTO_SHIFT_REGISTER_RECOGNITION     ; Always                                ; Auto          ; --          ; --             ;
; COMPILER_SIGNATURE_ID               ; 0.167226551118493                     ; --            ; --          ; --             ;
; CYCLONEII_OPTIMIZATION_TECHNIQUE    ; Area                                  ; Balanced      ; --          ; --             ;
; EDA_OUTPUT_DATA_FORMAT              ; Verilog Hdl                           ; --            ; --          ; eda_simulation ;
; EDA_SIMULATION_TOOL                 ; ModelSim-Altera (Verilog)             ; <None>        ; --          ; --             ;
; FITTER_EFFORT                       ; Standard Fit                          ; Auto Fit      ; --          ; --             ;
; MAX_CORE_JUNCTION_TEMP              ; 85                                    ; --            ; --          ; --             ;
; MIN_CORE_JUNCTION_TEMP              ; 0                                     ; --            ; --          ; --             ;
; PARTITION_COLOR                     ; 16764057                              ; --            ; --          ; Top            ;
; PARTITION_FITTER_PRESERVATION_LEVEL ; PLACEMENT_AND_ROUTING                 ; --            ; --          ; Top            ;
; PARTITION_NETLIST_TYPE              ; SOURCE                                ; --            ; --          ; Top            ;
; POWER_BOARD_THERMAL_MODEL           ; None (CONSERVATIVE)                   ; --            ; --          ; --             ;
; POWER_PRESET_COOLING_SOLUTION       ; 23 MM HEAT SINK WITH 200 LFPM AIRFLOW ; --            ; --          ; --             ;
; PROJECT_OUTPUT_DIRECTORY            ; output_files                          ; --            ; --          ; --             ;
; SMART_RECOMPILE                     ; On                                    ; Off           ; --          ; --             ;
+-------------------------------------+---------------------------------------+---------------+-------------+----------------+
=======
+--------------------------------------------------------------------------------------------------------+
; Flow Non-Default Global Settings                                                                       ;
+-------------------------------------+-----------------------+---------------+-------------+------------+
; Assignment Name                     ; Value                 ; Default Value ; Entity Name ; Section Id ;
+-------------------------------------+-----------------------+---------------+-------------+------------+
; COMPILER_SIGNATURE_ID               ; 0.167235365413918     ; --            ; --          ; --         ;
; MAX_CORE_JUNCTION_TEMP              ; 85                    ; --            ; --          ; --         ;
; MIN_CORE_JUNCTION_TEMP              ; 0                     ; --            ; --          ; --         ;
; PARTITION_COLOR                     ; 16764057              ; --            ; --          ; Top        ;
; PARTITION_FITTER_PRESERVATION_LEVEL ; PLACEMENT_AND_ROUTING ; --            ; --          ; Top        ;
; PARTITION_NETLIST_TYPE              ; SOURCE                ; --            ; --          ; Top        ;
; PROJECT_OUTPUT_DIRECTORY            ; output_files          ; --            ; --          ; --         ;
; SMART_RECOMPILE                     ; On                    ; Off           ; --          ; --         ;
+-------------------------------------+-----------------------+---------------+-------------+------------+
>>>>>>> Stashed changes


+-------------------------------------------------------------------------------------------------------------------------------+
; Flow Elapsed Time                                                                                                             ;
+---------------------------+--------------+-------------------------+---------------------+------------------------------------+
; Module Name               ; Elapsed Time ; Average Processors Used ; Peak Virtual Memory ; Total CPU Time (on all processors) ;
+---------------------------+--------------+-------------------------+---------------------+------------------------------------+
<<<<<<< Updated upstream
; Analysis & Synthesis      ; 00:00:03     ; 1.0                     ; 537 MB              ; 00:00:02                           ;
; Partition Merge           ; 00:00:00     ; 1.0                     ; 857 MB              ; 00:00:00                           ;
; Fitter                    ; 00:00:07     ; 1.0                     ; 632 MB              ; 00:00:05                           ;
; Assembler                 ; 00:00:00     ; 1.0                     ; 534 MB              ; 00:00:00                           ;
; TimeQuest Timing Analyzer ; 00:00:02     ; 1.0                     ; 507 MB              ; 00:00:01                           ;
; EDA Netlist Writer        ; 00:00:01     ; 1.0                     ; 782 MB              ; 00:00:00                           ;
; Total                     ; 00:00:13     ; --                      ; --                  ; 00:00:08                           ;
=======
; Analysis & Synthesis      ; 00:00:02     ; 1.0                     ; 542 MB              ; 00:00:02                           ;
; Fitter                    ; 00:00:08     ; 1.0                     ; 637 MB              ; 00:00:06                           ;
; Assembler                 ; 00:00:01     ; 1.0                     ; 534 MB              ; 00:00:00                           ;
; TimeQuest Timing Analyzer ; 00:00:01     ; 1.0                     ; 506 MB              ; 00:00:01                           ;
; Total                     ; 00:00:12     ; --                      ; --                  ; 00:00:09                           ;
>>>>>>> Stashed changes
+---------------------------+--------------+-------------------------+---------------------+------------------------------------+


+---------------------------------------------------------------------------------------------+
; Flow OS Summary                                                                             ;
+---------------------------+------------------+----------------+------------+----------------+
; Module Name               ; Machine Hostname ; OS Name        ; OS Version ; Processor type ;
+---------------------------+------------------+----------------+------------+----------------+
; Analysis & Synthesis      ; mike-VirtualBox  ; Ubuntu 22.04.1 ; 22         ; x86_64         ;
; Partition Merge           ; mike-VirtualBox  ; Ubuntu 22.04.1 ; 22         ; x86_64         ;
; Fitter                    ; mike-VirtualBox  ; Ubuntu 22.04.1 ; 22         ; x86_64         ;
; Assembler                 ; mike-VirtualBox  ; Ubuntu 22.04.1 ; 22         ; x86_64         ;
; TimeQuest Timing Analyzer ; mike-VirtualBox  ; Ubuntu 22.04.1 ; 22         ; x86_64         ;
<<<<<<< Updated upstream
; EDA Netlist Writer        ; mike-VirtualBox  ; Ubuntu 22.04.1 ; 22         ; x86_64         ;
=======
>>>>>>> Stashed changes
+---------------------------+------------------+----------------+------------+----------------+


------------
; Flow Log ;
------------
quartus_map --read_settings_files=on --write_settings_files=off RESDMAC -c RESDMAC
quartus_cdb --read_settings_files=on --write_settings_files=off RESDMAC -c RESDMAC --merge=on
quartus_fit --read_settings_files=on --write_settings_files=off RESDMAC -c RESDMAC
quartus_asm --read_settings_files=off --write_settings_files=off RESDMAC -c RESDMAC
quartus_sta RESDMAC -c RESDMAC
<<<<<<< Updated upstream
quartus_eda --read_settings_files=off --write_settings_files=off RESDMAC -c RESDMAC
=======
>>>>>>> Stashed changes



