Partition Merge report for RESDMAC
Wed Dec 28 22:12:01 2022
Quartus II 64-Bit Version 13.0.1 Build 232 06/12/2013 Service Pack 1 SJ Web Edition


---------------------
; Table of Contents ;
---------------------
  1. Legal Notice
  2. Partition Merge Summary
  3. Partition Merge Netlist Types Used
  4. Partition Merge Partition Statistics
  5. Partition Merge Resource Usage Summary
  6. Partition Merge Messages



----------------
; Legal Notice ;
----------------
Copyright (C) 1991-2013 Altera Corporation
Your use of Altera Corporation's design tools, logic functions 
and other software and tools, and its AMPP partner logic 
functions, and any output files from any of the foregoing 
(including device programming or simulation files), and any 
associated documentation or information are expressly subject 
to the terms and conditions of the Altera Program License 
Subscription Agreement, Altera MegaCore Function License 
Agreement, or other applicable license agreement, including, 
without limitation, that your use is for the sole purpose of 
programming logic devices manufactured by Altera and sold by 
Altera or its authorized distributors.  Please refer to the 
applicable agreement for further details.



+--------------------------------------------------------------------------------------+
; Partition Merge Summary                                                              ;
+------------------------------------+-------------------------------------------------+
; Partition Merge Status             ; Successful - Wed Dec 28 22:12:01 2022           ;
; Quartus II 64-Bit Version          ; 13.0.1 Build 232 06/12/2013 SP 1 SJ Web Edition ;
; Revision Name                      ; RESDMAC                                         ;
; Top-level Entity Name              ; RESDMAC                                         ;
; Family                             ; Cyclone II                                      ;
; Total logic elements               ; 900                                             ;
;     Total combinational functions  ; 638                                             ;
;     Dedicated logic registers      ; 396                                             ;
; Total registers                    ; 396                                             ;
; Total pins                         ; 83                                              ;
; Total virtual pins                 ; 0                                               ;
; Total memory bits                  ; 0                                               ;
; Embedded Multiplier 9-bit elements ; 0                                               ;
; Total PLLs                         ; 0                                               ;
+------------------------------------+-------------------------------------------------+


+-------------------------------------------------------------------------------------------------------------------------------+
; Partition Merge Netlist Types Used                                                                                            ;
+--------------------------------+----------------+-------------------+------------------------+--------------------------------+
; Partition Name                 ; Partition Type ; Netlist Type Used ; Netlist Type Requested ; Partition Contents             ;
+--------------------------------+----------------+-------------------+------------------------+--------------------------------+
; Top                            ; User-created   ; Source File       ; Source File            ;                                ;
; hard_block:auto_generated_inst ; Auto-generated ; Source File       ; Source File            ; hard_block:auto_generated_inst ;
+--------------------------------+----------------+-------------------+------------------------+--------------------------------+


+-------------------------------------------------------------------------------------+
; Partition Merge Partition Statistics                                                ;
+---------------------------------------------+------+--------------------------------+
; Statistic                                   ; Top  ; hard_block:auto_generated_inst ;
+---------------------------------------------+------+--------------------------------+
; Estimated Total logic elements              ; 900  ; 0                              ;
;                                             ;      ;                                ;
; Total combinational functions               ; 638  ; 0                              ;
; Logic element usage by number of LUT inputs ;      ;                                ;
;     -- 4 input functions                    ; 411  ; 0                              ;
;     -- 3 input functions                    ; 154  ; 0                              ;
;     -- <=2 input functions                  ; 73   ; 0                              ;
;                                             ;      ;                                ;
; Logic elements by mode                      ;      ;                                ;
;     -- normal mode                          ; 638  ; 0                              ;
;     -- arithmetic mode                      ; 0    ; 0                              ;
;                                             ;      ;                                ;
; Total registers                             ; 396  ; 0                              ;
;     -- Dedicated logic registers            ; 396  ; 0                              ;
;                                             ;      ;                                ;
; Virtual pins                                ; 0    ; 0                              ;
; I/O pins                                    ; 83   ; 0                              ;
; Embedded Multiplier 9-bit elements          ; 0    ; 0                              ;
; Total memory bits                           ; 0    ; 0                              ;
; Total RAM block bits                        ; 0    ; 0                              ;
;                                             ;      ;                                ;
; Connections                                 ;      ;                                ;
;     -- Input Connections                    ; 0    ; 0                              ;
;     -- Registered Input Connections         ; 0    ; 0                              ;
;     -- Output Connections                   ; 0    ; 0                              ;
;     -- Registered Output Connections        ; 0    ; 0                              ;
;                                             ;      ;                                ;
; Internal Connections                        ;      ;                                ;
;     -- Total Connections                    ; 3436 ; 0                              ;
;     -- Registered Connections               ; 1380 ; 0                              ;
;                                             ;      ;                                ;
; External Connections                        ;      ;                                ;
;     -- Top                                  ; 0    ; 0                              ;
;     -- hard_block:auto_generated_inst       ; 0    ; 0                              ;
;                                             ;      ;                                ;
; Partition Interface                         ;      ;                                ;
;     -- Input Ports                          ; 16   ; 0                              ;
;     -- Output Ports                         ; 12   ; 0                              ;
;     -- Bidir Ports                          ; 55   ; 0                              ;
;                                             ;      ;                                ;
; Registered Ports                            ;      ;                                ;
;     -- Registered Input Ports               ; 0    ; 0                              ;
;     -- Registered Output Ports              ; 0    ; 0                              ;
;                                             ;      ;                                ;
; Port Connectivity                           ;      ;                                ;
;     -- Input Ports driven by GND            ; 0    ; 0                              ;
;     -- Output Ports driven by GND           ; 0    ; 0                              ;
;     -- Input Ports driven by VCC            ; 0    ; 0                              ;
;     -- Output Ports driven by VCC           ; 0    ; 0                              ;
;     -- Input Ports with no Source           ; 0    ; 0                              ;
;     -- Output Ports with no Source          ; 0    ; 0                              ;
;     -- Input Ports with no Fanout           ; 0    ; 0                              ;
;     -- Output Ports with no Fanout          ; 0    ; 0                              ;
+---------------------------------------------+------+--------------------------------+
Note: Resource usage numbers presented for Partitions containing post-synthesis logic are estimates.  For Partitions containing post-fit logic, resource usage numbers are accurate based on previous placement information.  Actual Fitter results may vary depending on current Fitter Preservation Level assignments.


+-----------------------------------------------------------------------------------------------------+
; Partition Merge Resource Usage Summary                                                              ;
+---------------------------------------------+-------------------------------------------------------+
; Resource                                    ; Usage                                                 ;
+---------------------------------------------+-------------------------------------------------------+
; Estimated Total logic elements              ; 900                                                   ;
;                                             ;                                                       ;
; Total combinational functions               ; 638                                                   ;
; Logic element usage by number of LUT inputs ;                                                       ;
;     -- 4 input functions                    ; 411                                                   ;
;     -- 3 input functions                    ; 154                                                   ;
;     -- <=2 input functions                  ; 73                                                    ;
;                                             ;                                                       ;
; Logic elements by mode                      ;                                                       ;
;     -- normal mode                          ; 638                                                   ;
;     -- arithmetic mode                      ; 0                                                     ;
;                                             ;                                                       ;
; Total registers                             ; 396                                                   ;
;     -- Dedicated logic registers            ; 396                                                   ;
;     -- I/O registers                        ; 0                                                     ;
;                                             ;                                                       ;
; I/O pins                                    ; 83                                                    ;
; Embedded Multiplier 9-bit elements          ; 0                                                     ;
; Maximum fan-out node                        ; fifo:int_fifo|fifo_3bit_cntr:u_next_out_cntr|COUNT[1] ;
; Maximum fan-out                             ; 99                                                    ;
; Total fan-out                               ; 3436                                                  ;
; Average fan-out                             ; 3.08                                                  ;
+---------------------------------------------+-------------------------------------------------------+


+--------------------------+
; Partition Merge Messages ;
+--------------------------+
Info: *******************************************************************
Info: Running Quartus II 64-Bit Partition Merge
    Info: Version 13.0.1 Build 232 06/12/2013 Service Pack 1 SJ Web Edition
    Info: Processing started: Wed Dec 28 22:12:01 2022
Info: Command: quartus_cdb --read_settings_files=on --write_settings_files=off RESDMAC -c RESDMAC --merge=on
Info (35007): Using synthesis netlist for partition "Top"
Info (35002): Resolved and merged 1 partition(s)
Info (16010): Generating hard_block partition "hard_block:auto_generated_inst"
    Info (16011): Adding 0 node(s), including 0 DDIO, 0 PLL, 0 transceiver and 0 LCELL
Warning (21074): Design contains 4 input pin(s) that do not drive logic
    Warning (15610): No output dependent on input pin "_BERR"
    Warning (15610): No output dependent on input pin "A12"
    Warning (15610): No output dependent on input pin "_IORDY"
    Warning (15610): No output dependent on input pin "INTB"
Info (21057): Implemented 1058 device resources after synthesis - the final resource count might be different
    Info (21058): Implemented 16 input pins
    Info (21059): Implemented 12 output pins
    Info (21060): Implemented 55 bidirectional pins
    Info (21061): Implemented 975 logic cells
Info: Quartus II 64-Bit Partition Merge was successful. 0 errors, 5 warnings
    Info: Peak virtual memory: 857 megabytes
    Info: Processing ended: Wed Dec 28 22:12:01 2022
    Info: Elapsed time: 00:00:00
    Info: Total CPU time (on all processors): 00:00:00


