make all -C /home/mike/EAGLE/projects/SDMAC-Replacement/RTL --print-data-base --no-builtin-variables --no-builtin-rules --question
# GNU Make 4.3
 
# Built for x86_64-pc-linux-gnu
 
# Copyright (C) 1988-2020 Free Software Foundation, Inc.
 
# License GPLv3+: GNU GPL version 3 or later <http://gnu.org/licenses/gpl.html>
 
# This is free software: you are free to change and redistribute it.
 
# There is NO WARRANTY, to the extent permitted by law.
 

 
# Make data base, printed on Sun Feb 20 18:43:11 2022
 

# Variables
 

 
# environment
 
GDK_BACKEND = x11
 
# environment
 
LC_ALL = C
 
# environment
 
GNOME_SHELL_SESSION_MODE = ubuntu
 
# environment
 
SSH_AGENT_LAUNCHER = gnome-keyring
 
# environment
 
SNAP_INSTANCE_KEY = 
 
# environment
 
GJS_DEBUG_OUTPUT = stderr
 
# environment
 
VSCODE_IPC_HOOK_EXTHOST = /run/user/1000/vscode-ipc-3d9de5a2-1b2b-475a-a304-eb6efb045290.sock
 
# environment
 
VSCODE_CWD = /home/mike
 
# default
MAKE_COMMAND := make
# makefile (from 'project.cfg', line 2)
XILINX = /opt/Xilinx/14.7/ISE_DS/ISE/
# environment
QT_ACCESSIBILITY = 1
# automatic
@D = $(patsubst %/,%,$(dir $@))
# environment
SNAP_INSTANCE_NAME = code
# environment
GDK_PIXBUF_MODULEDIR = /snap/code/88/usr/lib/x86_64-linux-gnu/gdk-pixbuf-2.0/2.10.0/loaders
# makefile (from 'Makefile', line 36)
XC3SPROG_CABLE = JTAGHS2
# environment
VSCODE_HANDLES_UNCAUGHT_ERRORS = true
# makefile (from 'Makefile', line 37)
XC3SPROG_OPTS = -v -e -J 150000 -p 0
# default
.VARIABLES := 
# environment
PWD = /home/mike/EAGLE/projects/SDMAC-Replacement
# automatic
%D = $(patsubst %/,%,$(dir $%))
# environment
XDG_DATA_DIRS = /usr/share/ubuntu:/usr/local/share/:/usr/share/:/var/lib/snapd/desktop
# automatic
^D = $(patsubst %/,%,$(dir $^))
# environment
VSCODE_LOG_STACK = false
# automatic
%F = $(notdir $%)
# environment
VSCODE_CODE_CACHE_PATH = /home/mike/.config/Code/CachedData/f80445acd5a3dadef24aa209168452a3d97cc326
# environment
LANG = C
# environment
XAUTHORITY = /run/user/1000/.mutter-Xwaylandauth.WQNVH1
# default
.LOADED := 
# default
.INCLUDE_DIRS = /usr/local/include /usr/include /usr/include
# makefile
MAKEFLAGS = pqrRw
# makefile (from 'project.cfg', line 4)
PROJECT = RESDMAC
# makefile
CURDIR := /home/mike/EAGLE/projects/SDMAC-Replacement/RTL
# environment
VSCODE_PIPE_LOGGING = true
# makefile (from 'Makefile', line 56)
VHDTEST = $(foreach file,$(wildcard *$(TEST_POSTFIX).vhd),$(file))
# environment
APPLICATION_INSIGHTS_NO_DIAGNOSTIC_CHANNEL = 1
# environment
LESSOPEN = | /usr/bin/lesspipe %s
# automatic
*D = $(patsubst %/,%,$(dir $*))
# environment
MFLAGS = -pqrRw
# environment
SSH_AUTH_SOCK = /run/user/1000/keyring/ssh
# default
.SHELLFLAGS := -c
# environment
WAYLAND_DISPLAY = wayland-0
# environment
XDG_CONFIG_DIRS = /etc/xdg/xdg-ubuntu:/etc/xdg
# automatic
+D = $(patsubst %/,%,$(dir $+))
# makefile (from 'project.cfg', line 1)
XILINX_PLATFORM = lin64
# environment
VSCODE_CRASH_REPORTER_START_OPTIONS = {"companyName":"Microsoft","productName":"VSCode","submitURL":"appcenter://code?aid=fba07a4d-84bd-4fc8-a125-9640fc8ce171&uid=a01c772f-c3a3-463f-91d3-b1f803e8dc50&iid=a01c772f-c3a3-463f-91d3-b1f803e8dc50&sid=a01c772f-c3a3-463f-91d3-b1f803e8dc50","uploadToServer":true}
# environment
XDG_SESSION_DESKTOP = ubuntu
# makefile (from 'project.cfg', line 1)
MAKEFILE_LIST := Makefile project.cfg
# environment
SNAP_REEXEC = 
# automatic
@F = $(notdir $@)
# environment
VSCODE_VERBOSE_LOGGING = true
# environment
VSCODE_PID = 21607
# environment
XDG_SESSION_TYPE = wayland
# automatic
?D = $(patsubst %/,%,$(dir $?))
# makefile (from 'project.cfg', line 5)
TARGET_PART = XC95288XL-10-TQ144
# environment
BAMF_DESKTOP_FILE_HINT = /var/lib/snapd/desktop/applications/code_code.desktop
# environment
SESSION_MANAGER = local/mike-VirtualBox:@/tmp/.ICE-unix/1330,unix/mike-VirtualBox:/tmp/.ICE-unix/1330
# automatic
*F = $(notdir $*)
# environment
CHROME_DESKTOP = code-url-handler.desktop
# environment
DBUS_SESSION_BUS_ADDRESS = unix:path=/run/user/1000/bus
# automatic
<D = $(patsubst %/,%,$(dir $<))
# environment
VSCODE_NLS_CONFIG = {"locale":"en-gb","availableLanguages":{},"_languagePackSupport":true}
# environment
BREAKPAD_DUMP_LOCATION = /home/mike/.config/Code/exthost Crash Reports
# default
MAKE_HOST := x86_64-pc-linux-gnu
# environment
GNOME_DESKTOP_SESSION_ID = this-is-deprecated
# makefile
SHELL = /bin/sh
# default
MAKECMDGOALS := all
# environment
XMODIFIERS = @im=ibus
# environment
GJS_DEBUG_TOPICS = JS ERROR;JS LOG
# environment
SHLVL = 0
# environment
MAKELEVEL := 0
# environment
IM_CONFIG_CHECK_ENV = 1
# default
MAKE = $(MAKE_COMMAND)
# environment
SNAP_COOKIE = ML1n8HmBcPKlnwZ8SPEjdvrY-2Fasi_qXieKAtRe1c7w28i1kPev
# makefile (from 'Makefile', line 52)
PATH := /usr/local/sbin:/usr/local/bin:/usr/sbin:/usr/bin:/sbin:/bin:/usr/games:/usr/local/games:/snap/bin:/snap/bin:/opt/Xilinx/13.2/ISE_DS/ISE/bin/lin64/:/opt/Xilinx/14.7/ISE_DS/ISE//bin/lin64
# default
MAKEFILES := 
# environment
LANGUAGE = en_GB:en
# automatic
^F = $(notdir $^)
# environment
SNAP_USER_COMMON = /home/mike/snap/code/common
# environment
SNAP = /snap/code/88
# environment
INVOCATION_ID = d7eccf02d798485ea45f4a43b5ca80a2
# environment
SNAP_REVISION = 88
# environment
SNAP_REAL_HOME = /home/mike
# environment
VSCODE_LOG_NATIVE = false
# environment
USERNAME = mike
# environment
GNOME_SETUP_DISPLAY = :1
# environment
LESSCLOSE = /usr/bin/lesspipe %s %s
# automatic
?F = $(notdir $?)
# makefile (from 'project.cfg', line 8)
CONSTRAINTS = RESDMAC_rev_a.ucf
# environment
XDG_CURRENT_DESKTOP = Unity
# environment
LS_COLORS = 
# automatic
+F = $(notdir $+)
# environment
DESKTOP_SESSION = ubuntu
# environment
ORIGINAL_XDG_CURRENT_DESKTOP = ubuntu:GNOME
# 'override' directive
GNUMAKEFLAGS := 
# environment
LOGNAME = mike
# environment
GIO_LAUNCHED_DESKTOP_FILE = /var/lib/snapd/desktop/applications/code_code.desktop
# makefile (from 'Makefile', line 50)
EXE := 
# makefile (from 'project.cfg', line 10)
VSOURCE = RESDMAC.v addr_decoder.v io_port.v ctrl_reg.v 
# environment
SNAP_ARCH = amd64
# makefile (from 'Makefile', line 57)
TEST_NAMES = $(foreach file,$(VTEST) $(VHDTEST),$(basename $(file)))
# makefile
.DEFAULT_GOAL := default
# environment
SYSTEMD_EXEC_PID = 1351
# environment
DISPLAY = :0
# environment
USER = mike
# environment
GTK_MODULES = gail:atk-bridge
# default
MAKE_VERSION := 4.3
# makefile (from 'project.cfg', line 7)
TOPLEVEL = RESDMAC
# environment
DISABLE_WAYLAND = 1
# environment
SNAP_DATA = /var/snap/code/88
# makefile (from 'Makefile', line 32)
XST_OPTS = 
# environment
SNAP_CONTEXT = ML1n8HmBcPKlnwZ8SPEjdvrY-2Fasi_qXieKAtRe1c7w28i1kPev
# environment
MANAGERPID = 1238
# environment
GIO_LAUNCHED_DESKTOP_FILE_PID = 21565
# environment
_ = /snap/code/88/usr/share/code/code
# makefile (from 'Makefile', line 35)
XC3SPROG_EXE = xc3sprog
# environment
XDG_RUNTIME_DIR = /run/user/1000
# environment
GDK_PIXBUF_MODULE_FILE = /home/mike/snap/code/common/.cache/gdk-pixbuf-loaders.cache
# makefile (from 'Makefile', line 55)
VTEST = $(foreach file,$(wildcard *$(TEST_POSTFIX).v),$(file))
# makefile (from 'Makefile', line 58)
TEST_EXES = $(foreach test,$(TEST_NAMES),build/isim_$(test)$(EXE))
# environment
JOURNAL_STREAM = 8:22604
# environment
XDG_SESSION_CLASS = user
# environment
VSCODE_AMD_ENTRYPOINT = vs/workbench/services/extensions/node/extensionHostProcess
# environment
HOME = /home/mike
# environment
QT_IM_MODULE = ibus
# makefile (from 'Makefile', line 31)
COMMON_OPTS = -intstyle xflow
# environment
ELECTRON_RUN_AS_NODE = 1
# environment
VSCODE_IPC_HOOK = /run/user/1000/vscode-5c3936e9-1.64.2-main.sock
# environment
SNAP_NAME = code
# makefile (from 'Makefile', line 33)
NGDBUILD_OPTS = 
# environment
GSETTINGS_SCHEMA_DIR = /snap/code/88/usr/share/glib-2.0/schemas
# environment
IM_CONFIG_PHASE = 1
# default
.RECIPEPREFIX := 
# automatic
<F = $(notdir $<)
# environment
SNAP_VERSION = f80445ac
# default
SUFFIXES := 
# environment
VSCODE_CLI = 1
# makefile (from 'Makefile', line 60)
RUN = @echo "\n\e[1;33m$(shell date +"%Y-%m-%d %T"): ======== $(1) ========\e[m\n"; cd build && $(XILINX)/bin/$(XILINX_PLATFORM)/$(1)
# environment
ELECTRON_NO_ATTACH_CONSOLE = 1
# environment
SNAP_COMMON = /var/snap/code/common
# default
.FEATURES := target-specific order-only second-expansion else-if shortest-stem undefine oneshell nocomment grouped-target extra-prereqs archives jobserver output-sync check-symlink load
# environment
SNAP_USER_DATA = /home/mike/snap/code/88
# environment
XDG_MENU_PREFIX = gnome-
# environment
GDMSESSION = ubuntu
# environment
SNAP_LIBRARY_PATH = /var/lib/snapd/lib/gl:/var/lib/snapd/lib/gl32:/var/lib/snapd/void
# variable set hash-table stats:
# Load=144/1024=14%, Rehash=0, Collisions=9/203=4%

# Pattern-specific Variable Values
 

# No pattern-specific variable values.

# Directories

# . (device 2051, inode 10357292): 12 files, no impossibilities.

# 12 files, no impossibilities in 1 directories.

# Implicit Rules

# No implicit rules.

# Files

prog:
#  Implicit rule search has not been done.
#  Modification time never checked.
#  File has not been updated.
#  recipe to execute (from 'Makefile', line 137):
	$(XC3SPROG_EXE) -c $(XC3SPROG_CABLE) $(XC3SPROG_OPTS) ./build/$(PROJECT).jed 

# Not a target:
RESDMAC_rev_a.ucf:
#  Implicit rule search has not been done.
#  Modification time never checked.
#  File has not been updated.

default: clean cpld
#  Implicit rule search has not been done.
#  Modification time never checked.
#  File has not been updated.

# Not a target:
project.cfg:
#  Implicit rule search has been done.
#  Last modified 2022-02-20 17:33:42.207995243
#  File has been updated.
#  Successfully updated.

# Not a target:
Makefile:
#  Implicit rule search has been done.
#  Last modified 2022-02-20 17:36:00.15209307
#  File has been updated.
#  Successfully updated.

cpld: project.cfg RESDMAC.v addr_decoder.v io_port.v ctrl_reg.v RESDMAC_rev_a.ucf build/RESDMAC.prj build/RESDMAC.scr
#  Implicit rule search has not been done.
#  Modification time never checked.
#  File has not been updated.
#  recipe to execute (from 'Makefile', line 102):
	@mkdir -p  build/  build/xst/  build/ngdbuild/  build/cpldfit/  build/hprep6/
	$(call RUN,xst) $(COMMON_OPTS) $(XST_OPTS) \
	    -ifn $(PROJECT).scr
	@find build/ -maxdepth 1 -type f -print0 | xargs -0 mv -t build/xst/
	$(call RUN,ngdbuild) $(COMMON_OPTS) $(NGDBUILD_OPTS) -p $(TARGET_PART) \
		-uc ../$(CONSTRAINTS) \
	    xst/$(PROJECT).ngc \
		ngdbuild/$(PROJECT).ngd
	@find build/ -maxdepth 1 -type f -print0 | xargs -0 mv -t build/ngdbuild/
	@mv -f build/xlnx_auto_0_xdb/ build/ngdbuild/
	$(call RUN,cpldfit) $(COMMON_OPTS) \
	    -p $(TARGET_PART) \
	    ngdbuild/$(PROJECT).ngd
	
	@find build/ -maxdepth 1 -type f -print0 | xargs -0 mv -t build/cpldfit/
	$(call RUN,hprep6) -i cpldfit/$(PROJECT).vm6
	@find build/ -maxdepth 1 -type f -print0 | xargs -0 mv -t build/hprep6/
	@cp build/hprep6/$(PROJECT).jed ./build/$(PROJECT).jed
	@echo "\n\e[1;32m$(shell date +"%Y-%m-%d %T"): ======== OK ========\e[m"
	@echo "CPLD build output at ./build/$(PROJECT).jed \n"

build/RESDMAC.scr: project.cfg
#  Implicit rule search has not been done.
#  Modification time never checked.
#  File has not been updated.
#  recipe to execute (from 'Makefile', line 86):
	@echo "Updating $@"
	@mkdir -p build
	@rm -f $@
	@echo "run" \
	    "-ifn $(PROJECT).prj" \
	    "-ofn $(PROJECT).ngc" \
	    "-ifmt mixed" \
	    "$(XST_OPTS)" \
	    "-top $(TOPLEVEL)" \
	    "-ofmt NGC" \
	    "-p $(TARGET_PART)" \
	    > build/$(PROJECT).scr
	

clean:
#  Implicit rule search has not been done.
#  Implicit/static pattern stem: ''
#  File does not exist.
#  File has been updated.
#  Needs to be updated (-q is set).
# automatic
# @ := clean
# automatic
# * := 
# automatic
# < := 
# automatic
# + := 
# automatic
# % := 
# automatic
# ^ := 
# automatic
# ? := 
# automatic
# | := 
# variable set hash-table stats:
# Load=8/32=25%, Rehash=0, Collisions=1/11=9%
#  recipe to execute (from 'Makefile', line 76):
	rm -rf build

# Not a target:
RESDMAC.v:
#  Implicit rule search has not been done.
#  Modification time never checked.
#  File has not been updated.

# Not a target:
.DEFAULT:
#  Implicit rule search has not been done.
#  Modification time never checked.
#  File has not been updated.

all: clean cpld prog
#  Command line target.
#  Implicit rule search has been done.
#  File does not exist.
#  File has been updated.
#  Needs to be updated (-q is set).
# variable set hash-table stats:
# Load=0/32=0%, Rehash=0, Collisions=0/3=0%

# Not a target:
addr_decoder.v:
#  Implicit rule search has not been done.
#  Modification time never checked.
#  File has not been updated.

# Not a target:
io_port.v:
#  Implicit rule search has not been done.
#  Modification time never checked.
#  File has not been updated.

# Not a target:
ctrl_reg.v:
#  Implicit rule search has not been done.
#  Modification time never checked.
#  File has not been updated.

build/RESDMAC.prj: project.cfg
#  Implicit rule search has not been done.
#  Modification time never checked.
#  File has not been updated.
#  recipe to execute (from 'Makefile', line 79):
	@echo "Updating $@"
	@mkdir -p build
	@rm -f $@
	@$(foreach file,$(VSOURCE),echo "verilog work \"../$(file)\"" >> $@;)
	@$(foreach file,$(VHDSOURCE),echo "vhdl work \"../$(file)\"" >> $@;)

# Not a target:
.SUFFIXES:
#  Implicit rule search has not been done.
#  Modification time never checked.
#  File has not been updated.

# files hash-table stats:
# Load=16/1024=2%, Rehash=0, Collisions=0/47=0%
# VPATH Search Paths

# No 'vpath' search paths.

# No general ('VPATH' variable) search path.

# strcache buffers: 1 (0) / strings = 24 / storage = 294 B / avg = 12 B
# current buf: size = 8162 B / used = 294 B / count = 24 / avg = 12 B

# strcache performance: lookups = 54 / hit rate = 55%
# hash-table stats:
# Load=24/8192=0%, Rehash=0, Collisions=0/54=0%
# Finished Make data base on Sun Feb 20 18:43:11 2022

 
